

Started GET "/" for ::1 at 2015-03-06 17:07:27 -0800

ActiveRecord::PendingMigrationError (

Migrations are pending. To resolve this issue, run:

	bin/rake db:migrate RAILS_ENV=development

):
  activerecord (4.2.0) lib/active_record/migration.rb:393:in `check_pending!'
  activerecord (4.2.0) lib/active_record/migration.rb:374:in `call'
  actionpack (4.2.0) lib/action_dispatch/middleware/callbacks.rb:29:in `block in call'
  activesupport (4.2.0) lib/active_support/callbacks.rb:88:in `call'
  activesupport (4.2.0) lib/active_support/callbacks.rb:88:in `_run_callbacks'
  activesupport (4.2.0) lib/active_support/callbacks.rb:734:in `_run_call_callbacks'
  activesupport (4.2.0) lib/active_support/callbacks.rb:81:in `run_callbacks'
  actionpack (4.2.0) lib/action_dispatch/middleware/callbacks.rb:27:in `call'
  actionpack (4.2.0) lib/action_dispatch/middleware/reloader.rb:73:in `call'
  actionpack (4.2.0) lib/action_dispatch/middleware/remote_ip.rb:78:in `call'
  actionpack (4.2.0) lib/action_dispatch/middleware/debug_exceptions.rb:17:in `call'
  web-console (2.1.1) lib/web_console/middleware.rb:37:in `call'
  actionpack (4.2.0) lib/action_dispatch/middleware/show_exceptions.rb:30:in `call'
  railties (4.2.0) lib/rails/rack/logger.rb:38:in `call_app'
  railties (4.2.0) lib/rails/rack/logger.rb:20:in `block in call'
  activesupport (4.2.0) lib/active_support/tagged_logging.rb:68:in `block in tagged'
  activesupport (4.2.0) lib/active_support/tagged_logging.rb:26:in `tagged'
  activesupport (4.2.0) lib/active_support/tagged_logging.rb:68:in `tagged'
  railties (4.2.0) lib/rails/rack/logger.rb:20:in `call'
  actionpack (4.2.0) lib/action_dispatch/middleware/request_id.rb:21:in `call'
  rack (1.6.0) lib/rack/methodoverride.rb:22:in `call'
  rack (1.6.0) lib/rack/runtime.rb:18:in `call'
  activesupport (4.2.0) lib/active_support/cache/strategy/local_cache_middleware.rb:28:in `call'
  rack (1.6.0) lib/rack/lock.rb:17:in `call'
  actionpack (4.2.0) lib/action_dispatch/middleware/static.rb:113:in `call'
  rack (1.6.0) lib/rack/sendfile.rb:113:in `call'
  railties (4.2.0) lib/rails/engine.rb:518:in `call'
  railties (4.2.0) lib/rails/application.rb:164:in `call'
  rack (1.6.0) lib/rack/lock.rb:17:in `call'
  rack (1.6.0) lib/rack/content_length.rb:15:in `call'
  rack (1.6.0) lib/rack/handler/webrick.rb:89:in `service'
  /System/Library/Frameworks/Ruby.framework/Versions/2.0/usr/lib/ruby/2.0.0/webrick/httpserver.rb:138:in `service'
  /System/Library/Frameworks/Ruby.framework/Versions/2.0/usr/lib/ruby/2.0.0/webrick/httpserver.rb:94:in `run'
  /System/Library/Frameworks/Ruby.framework/Versions/2.0/usr/lib/ruby/2.0.0/webrick/server.rb:295:in `block in start_thread'


  Rendered /Library/Ruby/Gems/2.0.0/gems/actionpack-4.2.0/lib/action_dispatch/middleware/templates/rescues/_source.erb (2.5ms)
  Rendered /Library/Ruby/Gems/2.0.0/gems/actionpack-4.2.0/lib/action_dispatch/middleware/templates/rescues/_trace.html.erb (1.9ms)
  Rendered /Library/Ruby/Gems/2.0.0/gems/actionpack-4.2.0/lib/action_dispatch/middleware/templates/rescues/_request_and_response.html.erb (1.1ms)
  Rendered /Library/Ruby/Gems/2.0.0/gems/actionpack-4.2.0/lib/action_dispatch/middleware/templates/rescues/diagnostics.html.erb within rescues/layout (24.8ms)
  Rendered /Library/Ruby/Gems/2.0.0/gems/web-console-2.1.1/lib/web_console/templates/_markup.html (0.5ms)
  Rendered /Library/Ruby/Gems/2.0.0/gems/web-console-2.1.1/lib/web_console/templates/style.css within layouts/inlined_string (0.5ms)
  Rendered /Library/Ruby/Gems/2.0.0/gems/web-console-2.1.1/lib/web_console/templates/_inner_console_markup.html within layouts/inlined_string (0.4ms)
  Rendered /Library/Ruby/Gems/2.0.0/gems/web-console-2.1.1/lib/web_console/templates/_prompt_box_markup.html within layouts/inlined_string (0.5ms)
  Rendered /Library/Ruby/Gems/2.0.0/gems/web-console-2.1.1/lib/web_console/templates/console.js within layouts/javascript (22.8ms)
  Rendered /Library/Ruby/Gems/2.0.0/gems/web-console-2.1.1/lib/web_console/templates/main.js within layouts/javascript (0.6ms)
  Rendered /Library/Ruby/Gems/2.0.0/gems/web-console-2.1.1/lib/web_console/templates/error_page.js within layouts/javascript (0.5ms)
  Rendered /Library/Ruby/Gems/2.0.0/gems/web-console-2.1.1/lib/web_console/templates/index.html (56.0ms)
  [1m[36m (36.7ms)[0m  [1mCREATE TABLE "schema_migrations" ("version" character varying NOT NULL) [0m
  [1m[35m (2.6ms)[0m  CREATE UNIQUE INDEX  "unique_schema_migrations" ON "schema_migrations"  ("version")
  [1m[36mActiveRecord::SchemaMigration Load (1.0ms)[0m  [1mSELECT "schema_migrations".* FROM "schema_migrations"[0m
Migrating to CreateProfiles (20150306224711)
  [1m[35m (0.9ms)[0m  BEGIN
  [1m[36m (16.7ms)[0m  [1mCREATE TABLE "profiles" ("id" serial primary key, "username" character varying, "email" character varying, "password" character varying, "password_digest" character varying, "created_at" timestamp NOT NULL, "updated_at" timestamp NOT NULL) [0m
  [1m[35mSQL (0.6ms)[0m  INSERT INTO "schema_migrations" ("version") VALUES ($1)  [["version", "20150306224711"]]
  [1m[36m (0.4ms)[0m  [1mCOMMIT[0m
Migrating to CreateShouts (20150306225415)
  [1m[35m (0.4ms)[0m  BEGIN
  [1m[36m (5.3ms)[0m  [1mCREATE TABLE "shouts" ("id" serial primary key, "title" character varying, "time" timestamp, "location" character varying, "description" text, "profile_id" integer, "category_id" integer, "created_at" timestamp NOT NULL, "updated_at" timestamp NOT NULL) [0m
  [1m[35mSQL (0.2ms)[0m  INSERT INTO "schema_migrations" ("version") VALUES ($1)  [["version", "20150306225415"]]
  [1m[36m (0.6ms)[0m  [1mCOMMIT[0m
Migrating to CreateCategories (20150306225613)
  [1m[35m (0.4ms)[0m  BEGIN
  [1m[36m (4.2ms)[0m  [1mCREATE TABLE "categories" ("id" serial primary key, "category" character varying, "created_at" timestamp NOT NULL, "updated_at" timestamp NOT NULL) [0m
  [1m[35mSQL (0.2ms)[0m  INSERT INTO "schema_migrations" ("version") VALUES ($1)  [["version", "20150306225613"]]
  [1m[36m (0.5ms)[0m  [1mCOMMIT[0m
  [1m[35mActiveRecord::SchemaMigration Load (0.3ms)[0m  SELECT "schema_migrations".* FROM "schema_migrations"
  [1m[36m (4.4ms)[0m  [1mSELECT t2.oid::regclass::text AS to_table, a1.attname AS column, a2.attname AS primary_key, c.conname AS name, c.confupdtype AS on_update, c.confdeltype AS on_delete
FROM pg_constraint c
JOIN pg_class t1 ON c.conrelid = t1.oid
JOIN pg_class t2 ON c.confrelid = t2.oid
JOIN pg_attribute a1 ON a1.attnum = c.conkey[1] AND a1.attrelid = t1.oid
JOIN pg_attribute a2 ON a2.attnum = c.confkey[1] AND a2.attrelid = t2.oid
JOIN pg_namespace t3 ON c.connamespace = t3.oid
WHERE c.contype = 'f'
  AND t1.relname = 'categories'
  AND t3.nspname = ANY (current_schemas(false))
ORDER BY c.conname
[0m
  [1m[35m (4.0ms)[0m  SELECT t2.oid::regclass::text AS to_table, a1.attname AS column, a2.attname AS primary_key, c.conname AS name, c.confupdtype AS on_update, c.confdeltype AS on_delete
FROM pg_constraint c
JOIN pg_class t1 ON c.conrelid = t1.oid
JOIN pg_class t2 ON c.confrelid = t2.oid
JOIN pg_attribute a1 ON a1.attnum = c.conkey[1] AND a1.attrelid = t1.oid
JOIN pg_attribute a2 ON a2.attnum = c.confkey[1] AND a2.attrelid = t2.oid
JOIN pg_namespace t3 ON c.connamespace = t3.oid
WHERE c.contype = 'f'
  AND t1.relname = 'profiles'
  AND t3.nspname = ANY (current_schemas(false))
ORDER BY c.conname

  [1m[36m (3.8ms)[0m  [1mSELECT t2.oid::regclass::text AS to_table, a1.attname AS column, a2.attname AS primary_key, c.conname AS name, c.confupdtype AS on_update, c.confdeltype AS on_delete
FROM pg_constraint c
JOIN pg_class t1 ON c.conrelid = t1.oid
JOIN pg_class t2 ON c.confrelid = t2.oid
JOIN pg_attribute a1 ON a1.attnum = c.conkey[1] AND a1.attrelid = t1.oid
JOIN pg_attribute a2 ON a2.attnum = c.confkey[1] AND a2.attrelid = t2.oid
JOIN pg_namespace t3 ON c.connamespace = t3.oid
WHERE c.contype = 'f'
  AND t1.relname = 'shouts'
  AND t3.nspname = ANY (current_schemas(false))
ORDER BY c.conname
[0m


Started GET "/" for ::1 at 2015-03-06 17:10:41 -0800
  [1m[36mActiveRecord::SchemaMigration Load (0.5ms)[0m  [1mSELECT "schema_migrations".* FROM "schema_migrations"[0m
Processing by Rails::WelcomeController#index as HTML
  Rendered /Library/Ruby/Gems/2.0.0/gems/railties-4.2.0/lib/rails/templates/rails/welcome/index.html.erb (2.6ms)
Completed 200 OK in 40ms (Views: 12.2ms | ActiveRecord: 0.0ms)


Started GET "/" for ::1 at 2015-03-06 17:10:45 -0800
Processing by Rails::WelcomeController#index as HTML
  Rendered /Library/Ruby/Gems/2.0.0/gems/railties-4.2.0/lib/rails/templates/rails/welcome/index.html.erb (0.1ms)
Completed 200 OK in 2ms (Views: 1.1ms | ActiveRecord: 0.0ms)


Started GET "/index" for ::1 at 2015-03-06 17:10:51 -0800

ActionController::RoutingError (No route matches [GET] "/index"):
  actionpack (4.2.0) lib/action_dispatch/middleware/debug_exceptions.rb:21:in `call'
  web-console (2.1.1) lib/web_console/middleware.rb:37:in `call'
  actionpack (4.2.0) lib/action_dispatch/middleware/show_exceptions.rb:30:in `call'
  railties (4.2.0) lib/rails/rack/logger.rb:38:in `call_app'
  railties (4.2.0) lib/rails/rack/logger.rb:20:in `block in call'
  activesupport (4.2.0) lib/active_support/tagged_logging.rb:68:in `block in tagged'
  activesupport (4.2.0) lib/active_support/tagged_logging.rb:26:in `tagged'
  activesupport (4.2.0) lib/active_support/tagged_logging.rb:68:in `tagged'
  railties (4.2.0) lib/rails/rack/logger.rb:20:in `call'
  actionpack (4.2.0) lib/action_dispatch/middleware/request_id.rb:21:in `call'
  rack (1.6.0) lib/rack/methodoverride.rb:22:in `call'
  rack (1.6.0) lib/rack/runtime.rb:18:in `call'
  activesupport (4.2.0) lib/active_support/cache/strategy/local_cache_middleware.rb:28:in `call'
  rack (1.6.0) lib/rack/lock.rb:17:in `call'
  actionpack (4.2.0) lib/action_dispatch/middleware/static.rb:113:in `call'
  rack (1.6.0) lib/rack/sendfile.rb:113:in `call'
  railties (4.2.0) lib/rails/engine.rb:518:in `call'
  railties (4.2.0) lib/rails/application.rb:164:in `call'
  rack (1.6.0) lib/rack/lock.rb:17:in `call'
  rack (1.6.0) lib/rack/content_length.rb:15:in `call'
  rack (1.6.0) lib/rack/handler/webrick.rb:89:in `service'
  /System/Library/Frameworks/Ruby.framework/Versions/2.0/usr/lib/ruby/2.0.0/webrick/httpserver.rb:138:in `service'
  /System/Library/Frameworks/Ruby.framework/Versions/2.0/usr/lib/ruby/2.0.0/webrick/httpserver.rb:94:in `run'
  /System/Library/Frameworks/Ruby.framework/Versions/2.0/usr/lib/ruby/2.0.0/webrick/server.rb:295:in `block in start_thread'


  Rendered /Library/Ruby/Gems/2.0.0/gems/actionpack-4.2.0/lib/action_dispatch/middleware/templates/rescues/_trace.html.erb (1.2ms)
  Rendered /Library/Ruby/Gems/2.0.0/gems/actionpack-4.2.0/lib/action_dispatch/middleware/templates/routes/_route.html.erb (1.3ms)
  Rendered /Library/Ruby/Gems/2.0.0/gems/actionpack-4.2.0/lib/action_dispatch/middleware/templates/routes/_table.html.erb (11.0ms)
  Rendered /Library/Ruby/Gems/2.0.0/gems/actionpack-4.2.0/lib/action_dispatch/middleware/templates/rescues/_request_and_response.html.erb (1.7ms)
  Rendered /Library/Ruby/Gems/2.0.0/gems/actionpack-4.2.0/lib/action_dispatch/middleware/templates/rescues/routing_error.html.erb within rescues/layout (43.2ms)
  Rendered /Library/Ruby/Gems/2.0.0/gems/web-console-2.1.1/lib/web_console/templates/_markup.html (0.4ms)
  Rendered /Library/Ruby/Gems/2.0.0/gems/web-console-2.1.1/lib/web_console/templates/style.css within layouts/inlined_string (0.3ms)
  Rendered /Library/Ruby/Gems/2.0.0/gems/web-console-2.1.1/lib/web_console/templates/_inner_console_markup.html within layouts/inlined_string (0.3ms)
  Rendered /Library/Ruby/Gems/2.0.0/gems/web-console-2.1.1/lib/web_console/templates/_prompt_box_markup.html within layouts/inlined_string (0.4ms)
  Rendered /Library/Ruby/Gems/2.0.0/gems/web-console-2.1.1/lib/web_console/templates/console.js within layouts/javascript (16.3ms)
  Rendered /Library/Ruby/Gems/2.0.0/gems/web-console-2.1.1/lib/web_console/templates/main.js within layouts/javascript (0.3ms)
  Rendered /Library/Ruby/Gems/2.0.0/gems/web-console-2.1.1/lib/web_console/templates/error_page.js within layouts/javascript (0.5ms)
  Rendered /Library/Ruby/Gems/2.0.0/gems/web-console-2.1.1/lib/web_console/templates/index.html (38.3ms)


<<<<<<< HEAD
Started GET "/" for 127.0.0.1 at 2015-03-08 14:30:01 -0700
  [1m[36mActiveRecord::SchemaMigration Load (1.5ms)[0m  [1mSELECT "schema_migrations".* FROM "schema_migrations"[0m
Processing by SiteController#login as HTML
  Rendered site/login.html.erb within layouts/application (2.0ms)
Completed 200 OK in 2099ms (Views: 2087.5ms | ActiveRecord: 0.0ms)


Started GET "/" for 127.0.0.1 at 2015-03-08 14:30:04 -0700
Processing by SiteController#login as HTML
  Rendered site/login.html.erb within layouts/application (0.0ms)
Completed 200 OK in 57ms (Views: 56.6ms | ActiveRecord: 0.0ms)


Started GET "/assets/shouts-64e62ddc273c2f5847f30d698ca14b67.css?body=1" for 127.0.0.1 at 2015-03-08 14:30:04 -0700


Started GET "/assets/profiles-fcec5b5a277ac7c20cc9f45a209a3bcd.js?body=1" for 127.0.0.1 at 2015-03-08 14:30:04 -0700


Started GET "/assets/shouts-fcec5b5a277ac7c20cc9f45a209a3bcd.js?body=1" for 127.0.0.1 at 2015-03-08 14:30:04 -0700


Started GET "/assets/site-64e62ddc273c2f5847f30d698ca14b67.css?body=1" for 127.0.0.1 at 2015-03-08 14:30:04 -0700


Started GET "/assets/jquery_ujs-e27bd20a10d28155845a22d71ef94f2f.js?body=1" for 127.0.0.1 at 2015-03-08 14:30:04 -0700


Started GET "/assets/profiles-64e62ddc273c2f5847f30d698ca14b67.css?body=1" for 127.0.0.1 at 2015-03-08 14:30:04 -0700


Started GET "/assets/application-5266d2988799ecc8fe6e81eaab412e7d.css?body=1" for 127.0.0.1 at 2015-03-08 14:30:04 -0700


Started GET "/assets/application-8ce5067598cd03bc722b97db5dd776ec.js?body=1" for 127.0.0.1 at 2015-03-08 14:30:04 -0700


Started GET "/assets/jquery-87424c3c19e96d4fb033c10ebe21ec40.js?body=1" for 127.0.0.1 at 2015-03-08 14:30:04 -0700


Started GET "/assets/site-fcec5b5a277ac7c20cc9f45a209a3bcd.js?body=1" for 127.0.0.1 at 2015-03-08 14:30:04 -0700


Started GET "/assets/turbolinks-f87b3583ca50adb0488b031297f5580d.js?body=1" for 127.0.0.1 at 2015-03-08 14:30:04 -0700


Started GET "/" for 127.0.0.1 at 2015-03-08 14:48:46 -0700
  [1m[36mActiveRecord::SchemaMigration Load (0.7ms)[0m  [1mSELECT "schema_migrations".* FROM "schema_migrations"[0m
Processing by SiteController#login as HTML
  Rendered site/login.html.erb within layouts/application (2.8ms)
Completed 200 OK in 176ms (Views: 158.6ms | ActiveRecord: 0.0ms)


Started GET "/assets/profiles-64e62ddc273c2f5847f30d698ca14b67.css?body=1" for 127.0.0.1 at 2015-03-08 14:48:47 -0700


Started GET "/assets/jquery_ujs-e27bd20a10d28155845a22d71ef94f2f.js?body=1" for 127.0.0.1 at 2015-03-08 14:48:47 -0700


Started GET "/assets/jquery-87424c3c19e96d4fb033c10ebe21ec40.js?body=1" for 127.0.0.1 at 2015-03-08 14:48:47 -0700


Started GET "/assets/shouts-64e62ddc273c2f5847f30d698ca14b67.css?body=1" for 127.0.0.1 at 2015-03-08 14:48:47 -0700


Started GET "/assets/application-5266d2988799ecc8fe6e81eaab412e7d.css?body=1" for 127.0.0.1 at 2015-03-08 14:48:47 -0700


Started GET "/assets/site-64e62ddc273c2f5847f30d698ca14b67.css?body=1" for 127.0.0.1 at 2015-03-08 14:48:47 -0700


Started GET "/assets/profiles-fcec5b5a277ac7c20cc9f45a209a3bcd.js?body=1" for 127.0.0.1 at 2015-03-08 14:48:47 -0700


Started GET "/assets/turbolinks-f87b3583ca50adb0488b031297f5580d.js?body=1" for 127.0.0.1 at 2015-03-08 14:48:47 -0700


Started GET "/assets/shouts-fcec5b5a277ac7c20cc9f45a209a3bcd.js?body=1" for 127.0.0.1 at 2015-03-08 14:48:47 -0700


Started GET "/assets/site-fcec5b5a277ac7c20cc9f45a209a3bcd.js?body=1" for 127.0.0.1 at 2015-03-08 14:48:47 -0700


Started GET "/assets/application-8ce5067598cd03bc722b97db5dd776ec.js?body=1" for 127.0.0.1 at 2015-03-08 14:48:47 -0700


Started GET "/" for 127.0.0.1 at 2015-03-08 14:48:49 -0700
Processing by SiteController#login as HTML
  Rendered site/login.html.erb within layouts/application (0.1ms)
Completed 200 OK in 58ms (Views: 57.9ms | ActiveRecord: 0.0ms)


Started GET "/assets/shouts-64e62ddc273c2f5847f30d698ca14b67.css?body=1" for 127.0.0.1 at 2015-03-08 14:48:49 -0700


Started GET "/assets/site-64e62ddc273c2f5847f30d698ca14b67.css?body=1" for 127.0.0.1 at 2015-03-08 14:48:49 -0700


Started GET "/assets/jquery_ujs-e27bd20a10d28155845a22d71ef94f2f.js?body=1" for 127.0.0.1 at 2015-03-08 14:48:49 -0700


Started GET "/assets/profiles-64e62ddc273c2f5847f30d698ca14b67.css?body=1" for 127.0.0.1 at 2015-03-08 14:48:49 -0700


Started GET "/assets/jquery-87424c3c19e96d4fb033c10ebe21ec40.js?body=1" for 127.0.0.1 at 2015-03-08 14:48:49 -0700


Started GET "/assets/application-5266d2988799ecc8fe6e81eaab412e7d.css?body=1" for 127.0.0.1 at 2015-03-08 14:48:49 -0700


Started GET "/assets/turbolinks-f87b3583ca50adb0488b031297f5580d.js?body=1" for 127.0.0.1 at 2015-03-08 14:48:49 -0700


Started GET "/assets/profiles-fcec5b5a277ac7c20cc9f45a209a3bcd.js?body=1" for 127.0.0.1 at 2015-03-08 14:48:49 -0700


Started GET "/assets/shouts-fcec5b5a277ac7c20cc9f45a209a3bcd.js?body=1" for 127.0.0.1 at 2015-03-08 14:48:49 -0700


Started GET "/assets/site-fcec5b5a277ac7c20cc9f45a209a3bcd.js?body=1" for 127.0.0.1 at 2015-03-08 14:48:49 -0700


Started GET "/assets/application-8ce5067598cd03bc722b97db5dd776ec.js?body=1" for 127.0.0.1 at 2015-03-08 14:48:49 -0700


Started GET "/" for 127.0.0.1 at 2015-03-08 14:57:27 -0700
  [1m[36mActiveRecord::SchemaMigration Load (1.1ms)[0m  [1mSELECT "schema_migrations".* FROM "schema_migrations"[0m
Processing by SiteController#login as HTML
  Rendered site/login.html.erb within layouts/application (18.8ms)
Completed 500 Internal Server Error in 52ms

ActionView::Template::Error (undefined local variable or method `login_path' for #<#<Class:0x007fc4dca73958>:0x007fc4dca70118>):
    1: <h1>Welcome to ShoutOut!</h1>
    2: <h3>Let's get you started</h3>
    3: 
    4: <%= form_tag(login_path) do %>
    5: 
    6:   <%= label_tag(:username)%>
    7:   <%= text_field_tag(:username, params[:username], autofocus: true)%>
  app/views/site/login.html.erb:4:in `_app_views_site_login_html_erb___4535303516925793846_70241778788120'


  Rendered /Users/joelshooster/.rvm/gems/ruby-2.2.0/gems/actionpack-4.2.0/lib/action_dispatch/middleware/templates/rescues/_source.erb (6.2ms)
  Rendered /Users/joelshooster/.rvm/gems/ruby-2.2.0/gems/actionpack-4.2.0/lib/action_dispatch/middleware/templates/rescues/_trace.html.erb (3.0ms)
  Rendered /Users/joelshooster/.rvm/gems/ruby-2.2.0/gems/actionpack-4.2.0/lib/action_dispatch/middleware/templates/rescues/_request_and_response.html.erb (1.3ms)
  Rendered /Users/joelshooster/.rvm/gems/ruby-2.2.0/gems/actionpack-4.2.0/lib/action_dispatch/middleware/templates/rescues/template_error.html.erb within rescues/layout (62.1ms)
  Rendered /Users/joelshooster/.rvm/gems/ruby-2.2.0/gems/web-console-2.1.1/lib/web_console/templates/_markup.html (0.5ms)
  Rendered /Users/joelshooster/.rvm/gems/ruby-2.2.0/gems/web-console-2.1.1/lib/web_console/templates/style.css within layouts/inlined_string (0.5ms)
  Rendered /Users/joelshooster/.rvm/gems/ruby-2.2.0/gems/web-console-2.1.1/lib/web_console/templates/_inner_console_markup.html within layouts/inlined_string (0.6ms)
  Rendered /Users/joelshooster/.rvm/gems/ruby-2.2.0/gems/web-console-2.1.1/lib/web_console/templates/_prompt_box_markup.html within layouts/inlined_string (0.4ms)
  Rendered /Users/joelshooster/.rvm/gems/ruby-2.2.0/gems/web-console-2.1.1/lib/web_console/templates/console.js within layouts/javascript (63.6ms)
  Rendered /Users/joelshooster/.rvm/gems/ruby-2.2.0/gems/web-console-2.1.1/lib/web_console/templates/main.js within layouts/javascript (0.7ms)
  Rendered /Users/joelshooster/.rvm/gems/ruby-2.2.0/gems/web-console-2.1.1/lib/web_console/templates/error_page.js within layouts/javascript (0.5ms)
  Rendered /Users/joelshooster/.rvm/gems/ruby-2.2.0/gems/web-console-2.1.1/lib/web_console/templates/index.html (139.3ms)


Started GET "/" for 127.0.0.1 at 2015-03-08 15:04:30 -0700
Processing by SiteController#login as HTML
  Rendered site/login.html.erb within layouts/application (14.3ms)
Completed 500 Internal Server Error in 25ms

ActionView::Template::Error (undefined local variable or method `login_path' for #<#<Class:0x007fc4dca73958>:0x007fc4dcb30aa8>):
    1: <h1>Welcome to ShoutOut!</h1>
    2: <h3>Let's get you started</h3>
    3: 
    4: <%= form_tag(login_path) do %>
    5: 
    6:   <%= label_tag(:username)%>
    7:   <%= text_field_tag(:username, params[:username], autofocus: true)%>
  app/views/site/login.html.erb:4:in `_app_views_site_login_html_erb___4535303516925793846_70241778788120'


  Rendered /Users/joelshooster/.rvm/gems/ruby-2.2.0/gems/actionpack-4.2.0/lib/action_dispatch/middleware/templates/rescues/_source.erb (6.5ms)
  Rendered /Users/joelshooster/.rvm/gems/ruby-2.2.0/gems/actionpack-4.2.0/lib/action_dispatch/middleware/templates/rescues/_trace.html.erb (3.6ms)
  Rendered /Users/joelshooster/.rvm/gems/ruby-2.2.0/gems/actionpack-4.2.0/lib/action_dispatch/middleware/templates/rescues/_request_and_response.html.erb (1.3ms)
  Rendered /Users/joelshooster/.rvm/gems/ruby-2.2.0/gems/actionpack-4.2.0/lib/action_dispatch/middleware/templates/rescues/template_error.html.erb within rescues/layout (62.6ms)
  Rendered /Users/joelshooster/.rvm/gems/ruby-2.2.0/gems/web-console-2.1.1/lib/web_console/templates/_markup.html (0.5ms)
  Rendered /Users/joelshooster/.rvm/gems/ruby-2.2.0/gems/web-console-2.1.1/lib/web_console/templates/style.css within layouts/inlined_string (0.3ms)
  Rendered /Users/joelshooster/.rvm/gems/ruby-2.2.0/gems/web-console-2.1.1/lib/web_console/templates/_inner_console_markup.html within layouts/inlined_string (0.6ms)
  Rendered /Users/joelshooster/.rvm/gems/ruby-2.2.0/gems/web-console-2.1.1/lib/web_console/templates/_prompt_box_markup.html within layouts/inlined_string (0.4ms)
  Rendered /Users/joelshooster/.rvm/gems/ruby-2.2.0/gems/web-console-2.1.1/lib/web_console/templates/console.js within layouts/javascript (52.8ms)
  Rendered /Users/joelshooster/.rvm/gems/ruby-2.2.0/gems/web-console-2.1.1/lib/web_console/templates/main.js within layouts/javascript (0.4ms)
  Rendered /Users/joelshooster/.rvm/gems/ruby-2.2.0/gems/web-console-2.1.1/lib/web_console/templates/error_page.js within layouts/javascript (1.0ms)
  Rendered /Users/joelshooster/.rvm/gems/ruby-2.2.0/gems/web-console-2.1.1/lib/web_console/templates/index.html (120.5ms)


Started GET "/" for 127.0.0.1 at 2015-03-08 15:04:32 -0700
Processing by SiteController#login as HTML
  Rendered site/login.html.erb within layouts/application (13.1ms)
Completed 500 Internal Server Error in 19ms

ActionView::Template::Error (undefined local variable or method `login_path' for #<#<Class:0x007fc4dca73958>:0x007fc4df2d2d18>):
    1: <h1>Welcome to ShoutOut!</h1>
    2: <h3>Let's get you started</h3>
    3: 
    4: <%= form_tag(login_path) do %>
    5: 
    6:   <%= label_tag(:username)%>
    7:   <%= text_field_tag(:username, params[:username], autofocus: true)%>
  app/views/site/login.html.erb:4:in `_app_views_site_login_html_erb___4535303516925793846_70241778788120'


  Rendered /Users/joelshooster/.rvm/gems/ruby-2.2.0/gems/actionpack-4.2.0/lib/action_dispatch/middleware/templates/rescues/_source.erb (5.6ms)
  Rendered /Users/joelshooster/.rvm/gems/ruby-2.2.0/gems/actionpack-4.2.0/lib/action_dispatch/middleware/templates/rescues/_trace.html.erb (2.3ms)
  Rendered /Users/joelshooster/.rvm/gems/ruby-2.2.0/gems/actionpack-4.2.0/lib/action_dispatch/middleware/templates/rescues/_request_and_response.html.erb (0.8ms)
  Rendered /Users/joelshooster/.rvm/gems/ruby-2.2.0/gems/actionpack-4.2.0/lib/action_dispatch/middleware/templates/rescues/template_error.html.erb within rescues/layout (57.2ms)
  Rendered /Users/joelshooster/.rvm/gems/ruby-2.2.0/gems/web-console-2.1.1/lib/web_console/templates/_markup.html (0.3ms)
  Rendered /Users/joelshooster/.rvm/gems/ruby-2.2.0/gems/web-console-2.1.1/lib/web_console/templates/style.css within layouts/inlined_string (0.3ms)
  Rendered /Users/joelshooster/.rvm/gems/ruby-2.2.0/gems/web-console-2.1.1/lib/web_console/templates/_inner_console_markup.html within layouts/inlined_string (0.3ms)
  Rendered /Users/joelshooster/.rvm/gems/ruby-2.2.0/gems/web-console-2.1.1/lib/web_console/templates/_prompt_box_markup.html within layouts/inlined_string (0.3ms)
  Rendered /Users/joelshooster/.rvm/gems/ruby-2.2.0/gems/web-console-2.1.1/lib/web_console/templates/console.js within layouts/javascript (43.1ms)
  Rendered /Users/joelshooster/.rvm/gems/ruby-2.2.0/gems/web-console-2.1.1/lib/web_console/templates/main.js within layouts/javascript (0.4ms)
  Rendered /Users/joelshooster/.rvm/gems/ruby-2.2.0/gems/web-console-2.1.1/lib/web_console/templates/error_page.js within layouts/javascript (0.7ms)
  Rendered /Users/joelshooster/.rvm/gems/ruby-2.2.0/gems/web-console-2.1.1/lib/web_console/templates/index.html (97.8ms)


Started GET "/" for 127.0.0.1 at 2015-03-08 15:14:05 -0700
  [1m[36mActiveRecord::SchemaMigration Load (1.2ms)[0m  [1mSELECT "schema_migrations".* FROM "schema_migrations"[0m
Processing by SiteController#login as HTML
  Rendered site/login.html.erb within layouts/application (4.1ms)
Completed 200 OK in 143ms (Views: 131.8ms | ActiveRecord: 0.0ms)


Started GET "/" for 127.0.0.1 at 2015-03-08 15:14:06 -0700
Processing by SiteController#login as HTML
  Rendered site/login.html.erb within layouts/application (0.7ms)
Completed 200 OK in 50ms (Views: 49.0ms | ActiveRecord: 0.0ms)


Started GET "/assets/application-5266d2988799ecc8fe6e81eaab412e7d.css?body=1" for 127.0.0.1 at 2015-03-08 15:14:06 -0700


Started GET "/assets/profiles-64e62ddc273c2f5847f30d698ca14b67.css?body=1" for 127.0.0.1 at 2015-03-08 15:14:06 -0700


Started GET "/assets/shouts-64e62ddc273c2f5847f30d698ca14b67.css?body=1" for 127.0.0.1 at 2015-03-08 15:14:06 -0700


Started GET "/assets/jquery_ujs-e27bd20a10d28155845a22d71ef94f2f.js?body=1" for 127.0.0.1 at 2015-03-08 15:14:06 -0700


Started GET "/assets/profiles-fcec5b5a277ac7c20cc9f45a209a3bcd.js?body=1" for 127.0.0.1 at 2015-03-08 15:14:06 -0700


Started GET "/assets/site-64e62ddc273c2f5847f30d698ca14b67.css?body=1" for 127.0.0.1 at 2015-03-08 15:14:06 -0700


Started GET "/assets/jquery-87424c3c19e96d4fb033c10ebe21ec40.js?body=1" for 127.0.0.1 at 2015-03-08 15:14:06 -0700


Started GET "/assets/application-8ce5067598cd03bc722b97db5dd776ec.js?body=1" for 127.0.0.1 at 2015-03-08 15:14:06 -0700


Started GET "/assets/site-fcec5b5a277ac7c20cc9f45a209a3bcd.js?body=1" for 127.0.0.1 at 2015-03-08 15:14:06 -0700


Started GET "/assets/turbolinks-f87b3583ca50adb0488b031297f5580d.js?body=1" for 127.0.0.1 at 2015-03-08 15:14:06 -0700


Started GET "/assets/shouts-fcec5b5a277ac7c20cc9f45a209a3bcd.js?body=1" for 127.0.0.1 at 2015-03-08 15:14:06 -0700


Started GET "/profile/new" for 127.0.0.1 at 2015-03-08 15:14:09 -0700

ActionController::RoutingError (uninitialized constant ProfileController):
  activesupport (4.2.0) lib/active_support/inflector/methods.rb:261:in `const_get'
  activesupport (4.2.0) lib/active_support/inflector/methods.rb:261:in `block in constantize'
  activesupport (4.2.0) lib/active_support/inflector/methods.rb:259:in `each'
  activesupport (4.2.0) lib/active_support/inflector/methods.rb:259:in `inject'
  activesupport (4.2.0) lib/active_support/inflector/methods.rb:259:in `constantize'
  actionpack (4.2.0) lib/action_dispatch/routing/route_set.rb:69:in `controller_reference'
  actionpack (4.2.0) lib/action_dispatch/routing/route_set.rb:59:in `controller'
  actionpack (4.2.0) lib/action_dispatch/routing/route_set.rb:38:in `serve'
  actionpack (4.2.0) lib/action_dispatch/journey/router.rb:43:in `block in serve'
  actionpack (4.2.0) lib/action_dispatch/journey/router.rb:30:in `each'
  actionpack (4.2.0) lib/action_dispatch/journey/router.rb:30:in `serve'
  actionpack (4.2.0) lib/action_dispatch/routing/route_set.rb:802:in `call'
  rack (1.6.0) lib/rack/etag.rb:24:in `call'
  rack (1.6.0) lib/rack/conditionalget.rb:25:in `call'
  rack (1.6.0) lib/rack/head.rb:13:in `call'
  actionpack (4.2.0) lib/action_dispatch/middleware/params_parser.rb:27:in `call'
  actionpack (4.2.0) lib/action_dispatch/middleware/flash.rb:260:in `call'
  rack (1.6.0) lib/rack/session/abstract/id.rb:225:in `context'
  rack (1.6.0) lib/rack/session/abstract/id.rb:220:in `call'
  actionpack (4.2.0) lib/action_dispatch/middleware/cookies.rb:560:in `call'
  activerecord (4.2.0) lib/active_record/query_cache.rb:36:in `call'
  activerecord (4.2.0) lib/active_record/connection_adapters/abstract/connection_pool.rb:647:in `call'
  activerecord (4.2.0) lib/active_record/migration.rb:378:in `call'
  actionpack (4.2.0) lib/action_dispatch/middleware/callbacks.rb:29:in `block in call'
  activesupport (4.2.0) lib/active_support/callbacks.rb:88:in `call'
  activesupport (4.2.0) lib/active_support/callbacks.rb:88:in `_run_callbacks'
  activesupport (4.2.0) lib/active_support/callbacks.rb:734:in `_run_call_callbacks'
  activesupport (4.2.0) lib/active_support/callbacks.rb:81:in `run_callbacks'
  actionpack (4.2.0) lib/action_dispatch/middleware/callbacks.rb:27:in `call'
  actionpack (4.2.0) lib/action_dispatch/middleware/reloader.rb:73:in `call'
  actionpack (4.2.0) lib/action_dispatch/middleware/remote_ip.rb:78:in `call'
  actionpack (4.2.0) lib/action_dispatch/middleware/debug_exceptions.rb:17:in `call'
=======
Started GET "/" for ::1 at 2015-03-08 14:38:11 -0700
  [1m[36mActiveRecord::SchemaMigration Load (4.4ms)[0m  [1mSELECT "schema_migrations".* FROM "schema_migrations"[0m
Processing by SiteController#login as HTML
  Rendered site/login.html.erb within layouts/application (1.6ms)
Completed 200 OK in 2120ms (Views: 2095.4ms | ActiveRecord: 0.0ms)


Started GET "/assets/shouts-64e62ddc273c2f5847f30d698ca14b67.css?body=1" for ::1 at 2015-03-08 14:38:13 -0700


Started GET "/assets/profiles-64e62ddc273c2f5847f30d698ca14b67.css?body=1" for ::1 at 2015-03-08 14:38:13 -0700


Started GET "/assets/shouts-fcec5b5a277ac7c20cc9f45a209a3bcd.js?body=1" for ::1 at 2015-03-08 14:38:13 -0700


Started GET "/assets/site-64e62ddc273c2f5847f30d698ca14b67.css?body=1" for ::1 at 2015-03-08 14:38:13 -0700


Started GET "/assets/jquery-87424c3c19e96d4fb033c10ebe21ec40.js?body=1" for ::1 at 2015-03-08 14:38:13 -0700


Started GET "/assets/profiles-fcec5b5a277ac7c20cc9f45a209a3bcd.js?body=1" for ::1 at 2015-03-08 14:38:13 -0700


Started GET "/assets/application-5266d2988799ecc8fe6e81eaab412e7d.css?body=1" for ::1 at 2015-03-08 14:38:13 -0700


Started GET "/assets/jquery_ujs-e27bd20a10d28155845a22d71ef94f2f.js?body=1" for ::1 at 2015-03-08 14:38:13 -0700


Started GET "/assets/application-8ce5067598cd03bc722b97db5dd776ec.js?body=1" for ::1 at 2015-03-08 14:38:14 -0700


Started GET "/assets/turbolinks-f87b3583ca50adb0488b031297f5580d.js?body=1" for ::1 at 2015-03-08 14:38:14 -0700


Started GET "/assets/site-fcec5b5a277ac7c20cc9f45a209a3bcd.js?body=1" for ::1 at 2015-03-08 14:38:14 -0700


Started GET "/login" for ::1 at 2015-03-08 14:38:19 -0700

ActionController::RoutingError (No route matches [GET] "/login"):
  actionpack (4.2.0) lib/action_dispatch/middleware/debug_exceptions.rb:21:in `call'
>>>>>>> staging
  web-console (2.1.1) lib/web_console/middleware.rb:37:in `call'
  actionpack (4.2.0) lib/action_dispatch/middleware/show_exceptions.rb:30:in `call'
  railties (4.2.0) lib/rails/rack/logger.rb:38:in `call_app'
  railties (4.2.0) lib/rails/rack/logger.rb:20:in `block in call'
  activesupport (4.2.0) lib/active_support/tagged_logging.rb:68:in `block in tagged'
  activesupport (4.2.0) lib/active_support/tagged_logging.rb:26:in `tagged'
  activesupport (4.2.0) lib/active_support/tagged_logging.rb:68:in `tagged'
  railties (4.2.0) lib/rails/rack/logger.rb:20:in `call'
  actionpack (4.2.0) lib/action_dispatch/middleware/request_id.rb:21:in `call'
  rack (1.6.0) lib/rack/methodoverride.rb:22:in `call'
  rack (1.6.0) lib/rack/runtime.rb:18:in `call'
  activesupport (4.2.0) lib/active_support/cache/strategy/local_cache_middleware.rb:28:in `call'
  rack (1.6.0) lib/rack/lock.rb:17:in `call'
  actionpack (4.2.0) lib/action_dispatch/middleware/static.rb:113:in `call'
  rack (1.6.0) lib/rack/sendfile.rb:113:in `call'
  railties (4.2.0) lib/rails/engine.rb:518:in `call'
  railties (4.2.0) lib/rails/application.rb:164:in `call'
  rack (1.6.0) lib/rack/lock.rb:17:in `call'
  rack (1.6.0) lib/rack/content_length.rb:15:in `call'
  rack (1.6.0) lib/rack/handler/webrick.rb:89:in `service'
<<<<<<< HEAD
  /Users/joelshooster/.rvm/rubies/ruby-2.2.0/lib/ruby/2.2.0/webrick/httpserver.rb:138:in `service'
  /Users/joelshooster/.rvm/rubies/ruby-2.2.0/lib/ruby/2.2.0/webrick/httpserver.rb:94:in `run'
  /Users/joelshooster/.rvm/rubies/ruby-2.2.0/lib/ruby/2.2.0/webrick/server.rb:294:in `block in start_thread'


  Rendered /Users/joelshooster/.rvm/gems/ruby-2.2.0/gems/actionpack-4.2.0/lib/action_dispatch/middleware/templates/rescues/_trace.html.erb (4.9ms)
  Rendered /Users/joelshooster/.rvm/gems/ruby-2.2.0/gems/actionpack-4.2.0/lib/action_dispatch/middleware/templates/routes/_route.html.erb (1.9ms)
  Rendered /Users/joelshooster/.rvm/gems/ruby-2.2.0/gems/actionpack-4.2.0/lib/action_dispatch/middleware/templates/routes/_table.html.erb (16.5ms)
  Rendered /Users/joelshooster/.rvm/gems/ruby-2.2.0/gems/actionpack-4.2.0/lib/action_dispatch/middleware/templates/rescues/_request_and_response.html.erb (1.9ms)
  Rendered /Users/joelshooster/.rvm/gems/ruby-2.2.0/gems/actionpack-4.2.0/lib/action_dispatch/middleware/templates/rescues/routing_error.html.erb within rescues/layout (111.6ms)
  Rendered /Users/joelshooster/.rvm/gems/ruby-2.2.0/gems/web-console-2.1.1/lib/web_console/templates/_markup.html (1.2ms)
  Rendered /Users/joelshooster/.rvm/gems/ruby-2.2.0/gems/web-console-2.1.1/lib/web_console/templates/style.css within layouts/inlined_string (0.5ms)
  Rendered /Users/joelshooster/.rvm/gems/ruby-2.2.0/gems/web-console-2.1.1/lib/web_console/templates/_inner_console_markup.html within layouts/inlined_string (0.5ms)
  Rendered /Users/joelshooster/.rvm/gems/ruby-2.2.0/gems/web-console-2.1.1/lib/web_console/templates/_prompt_box_markup.html within layouts/inlined_string (0.6ms)
  Rendered /Users/joelshooster/.rvm/gems/ruby-2.2.0/gems/web-console-2.1.1/lib/web_console/templates/console.js within layouts/javascript (52.2ms)
  Rendered /Users/joelshooster/.rvm/gems/ruby-2.2.0/gems/web-console-2.1.1/lib/web_console/templates/main.js within layouts/javascript (0.6ms)
  Rendered /Users/joelshooster/.rvm/gems/ruby-2.2.0/gems/web-console-2.1.1/lib/web_console/templates/error_page.js within layouts/javascript (0.5ms)
  Rendered /Users/joelshooster/.rvm/gems/ruby-2.2.0/gems/web-console-2.1.1/lib/web_console/templates/index.html (128.2ms)


Started GET "/profile/new" for 127.0.0.1 at 2015-03-08 15:14:10 -0700

ActionController::RoutingError (uninitialized constant ProfileController):
  activesupport (4.2.0) lib/active_support/inflector/methods.rb:261:in `const_get'
  activesupport (4.2.0) lib/active_support/inflector/methods.rb:261:in `block in constantize'
  activesupport (4.2.0) lib/active_support/inflector/methods.rb:259:in `each'
  activesupport (4.2.0) lib/active_support/inflector/methods.rb:259:in `inject'
  activesupport (4.2.0) lib/active_support/inflector/methods.rb:259:in `constantize'
  actionpack (4.2.0) lib/action_dispatch/routing/route_set.rb:69:in `controller_reference'
  actionpack (4.2.0) lib/action_dispatch/routing/route_set.rb:59:in `controller'
  actionpack (4.2.0) lib/action_dispatch/routing/route_set.rb:38:in `serve'
  actionpack (4.2.0) lib/action_dispatch/journey/router.rb:43:in `block in serve'
  actionpack (4.2.0) lib/action_dispatch/journey/router.rb:30:in `each'
  actionpack (4.2.0) lib/action_dispatch/journey/router.rb:30:in `serve'
  actionpack (4.2.0) lib/action_dispatch/routing/route_set.rb:802:in `call'
  rack (1.6.0) lib/rack/etag.rb:24:in `call'
  rack (1.6.0) lib/rack/conditionalget.rb:25:in `call'
  rack (1.6.0) lib/rack/head.rb:13:in `call'
  actionpack (4.2.0) lib/action_dispatch/middleware/params_parser.rb:27:in `call'
  actionpack (4.2.0) lib/action_dispatch/middleware/flash.rb:260:in `call'
  rack (1.6.0) lib/rack/session/abstract/id.rb:225:in `context'
  rack (1.6.0) lib/rack/session/abstract/id.rb:220:in `call'
  actionpack (4.2.0) lib/action_dispatch/middleware/cookies.rb:560:in `call'
  activerecord (4.2.0) lib/active_record/query_cache.rb:36:in `call'
  activerecord (4.2.0) lib/active_record/connection_adapters/abstract/connection_pool.rb:647:in `call'
  activerecord (4.2.0) lib/active_record/migration.rb:378:in `call'
  actionpack (4.2.0) lib/action_dispatch/middleware/callbacks.rb:29:in `block in call'
  activesupport (4.2.0) lib/active_support/callbacks.rb:88:in `call'
  activesupport (4.2.0) lib/active_support/callbacks.rb:88:in `_run_callbacks'
  activesupport (4.2.0) lib/active_support/callbacks.rb:734:in `_run_call_callbacks'
  activesupport (4.2.0) lib/active_support/callbacks.rb:81:in `run_callbacks'
  actionpack (4.2.0) lib/action_dispatch/middleware/callbacks.rb:27:in `call'
  actionpack (4.2.0) lib/action_dispatch/middleware/reloader.rb:73:in `call'
  actionpack (4.2.0) lib/action_dispatch/middleware/remote_ip.rb:78:in `call'
  actionpack (4.2.0) lib/action_dispatch/middleware/debug_exceptions.rb:17:in `call'
  web-console (2.1.1) lib/web_console/middleware.rb:37:in `call'
  actionpack (4.2.0) lib/action_dispatch/middleware/show_exceptions.rb:30:in `call'
  railties (4.2.0) lib/rails/rack/logger.rb:38:in `call_app'
  railties (4.2.0) lib/rails/rack/logger.rb:20:in `block in call'
  activesupport (4.2.0) lib/active_support/tagged_logging.rb:68:in `block in tagged'
  activesupport (4.2.0) lib/active_support/tagged_logging.rb:26:in `tagged'
  activesupport (4.2.0) lib/active_support/tagged_logging.rb:68:in `tagged'
  railties (4.2.0) lib/rails/rack/logger.rb:20:in `call'
  actionpack (4.2.0) lib/action_dispatch/middleware/request_id.rb:21:in `call'
  rack (1.6.0) lib/rack/methodoverride.rb:22:in `call'
  rack (1.6.0) lib/rack/runtime.rb:18:in `call'
  activesupport (4.2.0) lib/active_support/cache/strategy/local_cache_middleware.rb:28:in `call'
  rack (1.6.0) lib/rack/lock.rb:17:in `call'
  actionpack (4.2.0) lib/action_dispatch/middleware/static.rb:113:in `call'
  rack (1.6.0) lib/rack/sendfile.rb:113:in `call'
  railties (4.2.0) lib/rails/engine.rb:518:in `call'
  railties (4.2.0) lib/rails/application.rb:164:in `call'
  rack (1.6.0) lib/rack/lock.rb:17:in `call'
  rack (1.6.0) lib/rack/content_length.rb:15:in `call'
  rack (1.6.0) lib/rack/handler/webrick.rb:89:in `service'
  /Users/joelshooster/.rvm/rubies/ruby-2.2.0/lib/ruby/2.2.0/webrick/httpserver.rb:138:in `service'
  /Users/joelshooster/.rvm/rubies/ruby-2.2.0/lib/ruby/2.2.0/webrick/httpserver.rb:94:in `run'
  /Users/joelshooster/.rvm/rubies/ruby-2.2.0/lib/ruby/2.2.0/webrick/server.rb:294:in `block in start_thread'


  Rendered /Users/joelshooster/.rvm/gems/ruby-2.2.0/gems/actionpack-4.2.0/lib/action_dispatch/middleware/templates/rescues/_trace.html.erb (2.2ms)
  Rendered /Users/joelshooster/.rvm/gems/ruby-2.2.0/gems/actionpack-4.2.0/lib/action_dispatch/middleware/templates/routes/_route.html.erb (1.6ms)
  Rendered /Users/joelshooster/.rvm/gems/ruby-2.2.0/gems/actionpack-4.2.0/lib/action_dispatch/middleware/templates/routes/_table.html.erb (1.7ms)
  Rendered /Users/joelshooster/.rvm/gems/ruby-2.2.0/gems/actionpack-4.2.0/lib/action_dispatch/middleware/templates/rescues/_request_and_response.html.erb (1.5ms)
  Rendered /Users/joelshooster/.rvm/gems/ruby-2.2.0/gems/actionpack-4.2.0/lib/action_dispatch/middleware/templates/rescues/routing_error.html.erb within rescues/layout (81.8ms)
  Rendered /Users/joelshooster/.rvm/gems/ruby-2.2.0/gems/web-console-2.1.1/lib/web_console/templates/_markup.html (0.4ms)
  Rendered /Users/joelshooster/.rvm/gems/ruby-2.2.0/gems/web-console-2.1.1/lib/web_console/templates/style.css within layouts/inlined_string (0.4ms)
  Rendered /Users/joelshooster/.rvm/gems/ruby-2.2.0/gems/web-console-2.1.1/lib/web_console/templates/_inner_console_markup.html within layouts/inlined_string (0.7ms)
  Rendered /Users/joelshooster/.rvm/gems/ruby-2.2.0/gems/web-console-2.1.1/lib/web_console/templates/_prompt_box_markup.html within layouts/inlined_string (0.3ms)
  Rendered /Users/joelshooster/.rvm/gems/ruby-2.2.0/gems/web-console-2.1.1/lib/web_console/templates/console.js within layouts/javascript (55.3ms)
  Rendered /Users/joelshooster/.rvm/gems/ruby-2.2.0/gems/web-console-2.1.1/lib/web_console/templates/main.js within layouts/javascript (0.4ms)
  Rendered /Users/joelshooster/.rvm/gems/ruby-2.2.0/gems/web-console-2.1.1/lib/web_console/templates/error_page.js within layouts/javascript (0.6ms)
  Rendered /Users/joelshooster/.rvm/gems/ruby-2.2.0/gems/web-console-2.1.1/lib/web_console/templates/index.html (119.3ms)


Started GET "/" for 127.0.0.1 at 2015-03-08 15:26:00 -0700
  [1m[36mActiveRecord::SchemaMigration Load (0.7ms)[0m  [1mSELECT "schema_migrations".* FROM "schema_migrations"[0m
Processing by SiteController#login as HTML
  Rendered site/login.html.erb within layouts/application (4.3ms)
Completed 200 OK in 187ms (Views: 172.8ms | ActiveRecord: 0.0ms)


Started GET "/assets/site-64e62ddc273c2f5847f30d698ca14b67.css?body=1" for 127.0.0.1 at 2015-03-08 15:26:01 -0700


Started GET "/assets/jquery-87424c3c19e96d4fb033c10ebe21ec40.js?body=1" for 127.0.0.1 at 2015-03-08 15:26:01 -0700


Started GET "/assets/application-5266d2988799ecc8fe6e81eaab412e7d.css?body=1" for 127.0.0.1 at 2015-03-08 15:26:01 -0700


Started GET "/assets/shouts-64e62ddc273c2f5847f30d698ca14b67.css?body=1" for 127.0.0.1 at 2015-03-08 15:26:01 -0700


Started GET "/assets/turbolinks-f87b3583ca50adb0488b031297f5580d.js?body=1" for 127.0.0.1 at 2015-03-08 15:26:01 -0700


Started GET "/assets/jquery_ujs-e27bd20a10d28155845a22d71ef94f2f.js?body=1" for 127.0.0.1 at 2015-03-08 15:26:01 -0700


Started GET "/assets/site-fcec5b5a277ac7c20cc9f45a209a3bcd.js?body=1" for 127.0.0.1 at 2015-03-08 15:26:01 -0700


Started GET "/assets/profiles-64e62ddc273c2f5847f30d698ca14b67.css?body=1" for 127.0.0.1 at 2015-03-08 15:26:01 -0700


Started GET "/assets/shouts-fcec5b5a277ac7c20cc9f45a209a3bcd.js?body=1" for 127.0.0.1 at 2015-03-08 15:26:01 -0700


Started GET "/assets/profiles-fcec5b5a277ac7c20cc9f45a209a3bcd.js?body=1" for 127.0.0.1 at 2015-03-08 15:26:01 -0700


Started GET "/assets/application-8ce5067598cd03bc722b97db5dd776ec.js?body=1" for 127.0.0.1 at 2015-03-08 15:26:01 -0700
=======
  /System/Library/Frameworks/Ruby.framework/Versions/2.0/usr/lib/ruby/2.0.0/webrick/httpserver.rb:138:in `service'
  /System/Library/Frameworks/Ruby.framework/Versions/2.0/usr/lib/ruby/2.0.0/webrick/httpserver.rb:94:in `run'
  /System/Library/Frameworks/Ruby.framework/Versions/2.0/usr/lib/ruby/2.0.0/webrick/server.rb:295:in `block in start_thread'


  Rendered /Library/Ruby/Gems/2.0.0/gems/actionpack-4.2.0/lib/action_dispatch/middleware/templates/rescues/_trace.html.erb (1.9ms)
  Rendered /Library/Ruby/Gems/2.0.0/gems/actionpack-4.2.0/lib/action_dispatch/middleware/templates/routes/_route.html.erb (1.7ms)
  Rendered /Library/Ruby/Gems/2.0.0/gems/actionpack-4.2.0/lib/action_dispatch/middleware/templates/routes/_table.html.erb (10.5ms)
  Rendered /Library/Ruby/Gems/2.0.0/gems/actionpack-4.2.0/lib/action_dispatch/middleware/templates/rescues/_request_and_response.html.erb (2.4ms)
  Rendered /Library/Ruby/Gems/2.0.0/gems/actionpack-4.2.0/lib/action_dispatch/middleware/templates/rescues/routing_error.html.erb within rescues/layout (47.1ms)
  Rendered /Library/Ruby/Gems/2.0.0/gems/web-console-2.1.1/lib/web_console/templates/_markup.html (0.5ms)
  Rendered /Library/Ruby/Gems/2.0.0/gems/web-console-2.1.1/lib/web_console/templates/style.css within layouts/inlined_string (0.5ms)
  Rendered /Library/Ruby/Gems/2.0.0/gems/web-console-2.1.1/lib/web_console/templates/_inner_console_markup.html within layouts/inlined_string (0.3ms)
  Rendered /Library/Ruby/Gems/2.0.0/gems/web-console-2.1.1/lib/web_console/templates/_prompt_box_markup.html within layouts/inlined_string (0.6ms)
  Rendered /Library/Ruby/Gems/2.0.0/gems/web-console-2.1.1/lib/web_console/templates/console.js within layouts/javascript (23.5ms)
  Rendered /Library/Ruby/Gems/2.0.0/gems/web-console-2.1.1/lib/web_console/templates/main.js within layouts/javascript (0.6ms)
  Rendered /Library/Ruby/Gems/2.0.0/gems/web-console-2.1.1/lib/web_console/templates/error_page.js within layouts/javascript (0.6ms)
  Rendered /Library/Ruby/Gems/2.0.0/gems/web-console-2.1.1/lib/web_console/templates/index.html (50.9ms)


Started GET "/" for ::1 at 2015-03-08 14:38:33 -0700
Processing by SiteController#login as HTML
  Rendered site/login.html.erb within layouts/application (0.1ms)
Completed 200 OK in 109ms (Views: 106.9ms | ActiveRecord: 0.0ms)


Started GET "/assets/site-64e62ddc273c2f5847f30d698ca14b67.css?body=1" for ::1 at 2015-03-08 14:38:33 -0700


Started GET "/assets/jquery_ujs-e27bd20a10d28155845a22d71ef94f2f.js?body=1" for ::1 at 2015-03-08 14:38:33 -0700


Started GET "/assets/turbolinks-f87b3583ca50adb0488b031297f5580d.js?body=1" for ::1 at 2015-03-08 14:38:33 -0700


Started GET "/assets/jquery-87424c3c19e96d4fb033c10ebe21ec40.js?body=1" for ::1 at 2015-03-08 14:38:33 -0700


Started GET "/assets/site-fcec5b5a277ac7c20cc9f45a209a3bcd.js?body=1" for ::1 at 2015-03-08 14:38:33 -0700


Started GET "/assets/application-5266d2988799ecc8fe6e81eaab412e7d.css?body=1" for ::1 at 2015-03-08 14:38:33 -0700


Started GET "/assets/application-8ce5067598cd03bc722b97db5dd776ec.js?body=1" for ::1 at 2015-03-08 14:38:33 -0700


Started GET "/" for ::1 at 2015-03-08 15:00:13 -0700
  [1m[36mActiveRecord::SchemaMigration Load (0.7ms)[0m  [1mSELECT "schema_migrations".* FROM "schema_migrations"[0m
Processing by SiteController#login as HTML
  Rendered site/login.html.erb within layouts/application (26.8ms)
Completed 500 Internal Server Error in 65ms

ActionView::Template::Error (undefined local variable or method `login_path' for #<#<Class:0x007fe4a11f0a58>:0x007fe49ea9b188>):
    1: <h1>Welcome to ShoutOut!</h1>
    2: <h3>Let's get you started</h3>
    3: 
    4: <%= form_tag(login_path) do %>
    5: 
    6:   <%= label_tag(:username)%>
    7:   <%= text_field_tag(:username, params[:username], autofocus: true)%>
  app/views/site/login.html.erb:4:in `_app_views_site_login_html_erb__523209534226262815_70309946087980'


  Rendered /Library/Ruby/Gems/2.0.0/gems/actionpack-4.2.0/lib/action_dispatch/middleware/templates/rescues/_source.erb (7.3ms)
  Rendered /Library/Ruby/Gems/2.0.0/gems/actionpack-4.2.0/lib/action_dispatch/middleware/templates/rescues/_trace.html.erb (3.3ms)
  Rendered /Library/Ruby/Gems/2.0.0/gems/actionpack-4.2.0/lib/action_dispatch/middleware/templates/rescues/_request_and_response.html.erb (0.8ms)
  Rendered /Library/Ruby/Gems/2.0.0/gems/actionpack-4.2.0/lib/action_dispatch/middleware/templates/rescues/template_error.html.erb within rescues/layout (29.4ms)
  Rendered /Library/Ruby/Gems/2.0.0/gems/web-console-2.1.1/lib/web_console/templates/_markup.html (0.4ms)
  Rendered /Library/Ruby/Gems/2.0.0/gems/web-console-2.1.1/lib/web_console/templates/style.css within layouts/inlined_string (0.3ms)
  Rendered /Library/Ruby/Gems/2.0.0/gems/web-console-2.1.1/lib/web_console/templates/_inner_console_markup.html within layouts/inlined_string (0.4ms)
  Rendered /Library/Ruby/Gems/2.0.0/gems/web-console-2.1.1/lib/web_console/templates/_prompt_box_markup.html within layouts/inlined_string (0.4ms)
  Rendered /Library/Ruby/Gems/2.0.0/gems/web-console-2.1.1/lib/web_console/templates/console.js within layouts/javascript (18.2ms)
  Rendered /Library/Ruby/Gems/2.0.0/gems/web-console-2.1.1/lib/web_console/templates/main.js within layouts/javascript (0.7ms)
  Rendered /Library/Ruby/Gems/2.0.0/gems/web-console-2.1.1/lib/web_console/templates/error_page.js within layouts/javascript (0.7ms)
  Rendered /Library/Ruby/Gems/2.0.0/gems/web-console-2.1.1/lib/web_console/templates/index.html (51.9ms)
  [1m[36mActiveRecord::SchemaMigration Load (0.6ms)[0m  [1mSELECT "schema_migrations".* FROM "schema_migrations"[0m
  [1m[35m (2.9ms)[0m  BEGIN
  [1m[36mSQL (7.8ms)[0m  [1mINSERT INTO "profiles" ("username", "email", "password", "created_at", "updated_at") VALUES ($1, $2, $3, $4, $5) RETURNING "id"[0m  [["username", "pouchy"], ["email", "pouch@gmail.com"], ["password", "123abc"], ["created_at", "2015-03-08 23:57:14.745482"], ["updated_at", "2015-03-08 23:57:14.745482"]]
  [1m[35m (1.2ms)[0m  COMMIT
  [1m[36m (0.1ms)[0m  [1mBEGIN[0m
  [1m[35mSQL (0.5ms)[0m  INSERT INTO "categories" ("category", "created_at", "updated_at") VALUES ($1, $2, $3) RETURNING "id"  [["category", "dining"], ["created_at", "2015-03-08 23:57:14.776558"], ["updated_at", "2015-03-08 23:57:14.776558"]]
  [1m[36m (0.4ms)[0m  [1mCOMMIT[0m
  [1m[35m (0.1ms)[0m  BEGIN
  [1m[36mSQL (0.4ms)[0m  [1mINSERT INTO "categories" ("category", "created_at", "updated_at") VALUES ($1, $2, $3) RETURNING "id"[0m  [["category", "activity"], ["created_at", "2015-03-08 23:57:14.779911"], ["updated_at", "2015-03-08 23:57:14.779911"]]
  [1m[35m (0.4ms)[0m  COMMIT
  [1m[36m (0.1ms)[0m  [1mBEGIN[0m
  [1m[35mSQL (0.3ms)[0m  INSERT INTO "categories" ("category", "created_at", "updated_at") VALUES ($1, $2, $3) RETURNING "id"  [["category", "entertainment"], ["created_at", "2015-03-08 23:57:14.782549"], ["updated_at", "2015-03-08 23:57:14.782549"]]
  [1m[36m (0.4ms)[0m  [1mCOMMIT[0m
  [1m[35m (0.2ms)[0m  BEGIN
  [1m[36mSQL (0.6ms)[0m  [1mINSERT INTO "shouts" ("title", "time", "location", "description", "profile_id", "category_id", "created_at", "updated_at") VALUES ($1, $2, $3, $4, $5, $6, $7, $8) RETURNING "id"[0m  [["title", "Yoga in the Park"], ["time", "2015-05-25 00:00:00.000000"], ["location", "St.Mary's Park"], ["description", "Come one, come all to enjoy some free yoga in the sun!"], ["profile_id", 1], ["category_id", 2], ["created_at", "2015-03-08 23:57:14.851496"], ["updated_at", "2015-03-08 23:57:14.851496"]]
  [1m[35m (0.4ms)[0m  COMMIT
  [1m[36m (0.4ms)[0m  [1mSELECT "schema_migrations"."version" FROM "schema_migrations"[0m
  [1m[36mActiveRecord::SchemaMigration Load (0.4ms)[0m  [1mSELECT "schema_migrations".* FROM "schema_migrations"[0m
  [1m[35m (0.2ms)[0m  BEGIN
  [1m[36mSQL (0.5ms)[0m  [1mINSERT INTO "profiles" ("username", "email", "password", "created_at", "updated_at") VALUES ($1, $2, $3, $4, $5) RETURNING "id"[0m  [["username", "pouchy"], ["email", "pouch@gmail.com"], ["password", "123abc"], ["created_at", "2015-03-08 23:58:48.054732"], ["updated_at", "2015-03-08 23:58:48.054732"]]
  [1m[35m (8.6ms)[0m  COMMIT
  [1m[36m (0.1ms)[0m  [1mBEGIN[0m
  [1m[35mSQL (0.4ms)[0m  INSERT INTO "categories" ("category", "created_at", "updated_at") VALUES ($1, $2, $3) RETURNING "id"  [["category", "dining"], ["created_at", "2015-03-08 23:58:48.078202"], ["updated_at", "2015-03-08 23:58:48.078202"]]
  [1m[36m (0.4ms)[0m  [1mCOMMIT[0m
  [1m[35m (0.1ms)[0m  BEGIN
  [1m[36mSQL (0.3ms)[0m  [1mINSERT INTO "categories" ("category", "created_at", "updated_at") VALUES ($1, $2, $3) RETURNING "id"[0m  [["category", "activity"], ["created_at", "2015-03-08 23:58:48.081327"], ["updated_at", "2015-03-08 23:58:48.081327"]]
  [1m[35m (0.4ms)[0m  COMMIT
  [1m[36m (0.1ms)[0m  [1mBEGIN[0m
  [1m[35mSQL (0.3ms)[0m  INSERT INTO "categories" ("category", "created_at", "updated_at") VALUES ($1, $2, $3) RETURNING "id"  [["category", "entertainment"], ["created_at", "2015-03-08 23:58:48.083471"], ["updated_at", "2015-03-08 23:58:48.083471"]]
  [1m[36m (0.3ms)[0m  [1mCOMMIT[0m
  [1m[35m (0.2ms)[0m  BEGIN
  [1m[36mSQL (0.5ms)[0m  [1mINSERT INTO "shouts" ("title", "time", "location", "description", "profile_id", "category_id", "created_at", "updated_at") VALUES ($1, $2, $3, $4, $5, $6, $7, $8) RETURNING "id"[0m  [["title", "Yoga in the Park"], ["time", "2015-05-25 12:30:00.000000"], ["location", "St.Mary's Park"], ["description", "Come one, come all to enjoy some free yoga in the sun!"], ["profile_id", 1], ["category_id", 2], ["created_at", "2015-03-08 23:58:48.153301"], ["updated_at", "2015-03-08 23:58:48.153301"]]
  [1m[35m (0.4ms)[0m  COMMIT
  [1m[36mShout Load (0.9ms)[0m  [1mSELECT "shouts".* FROM "shouts"[0m
  [1m[35mProfile Load (0.8ms)[0m  SELECT "profiles".* FROM "profiles"
  [1m[36mCategory Load (0.8ms)[0m  [1mSELECT "categories".* FROM "categories"[0m
  [1m[35mCategory Load (0.5ms)[0m  SELECT "categories".* FROM "categories"
  [1m[36mProfile Load (0.5ms)[0m  [1mSELECT "profiles".* FROM "profiles"[0m
  [1m[35mProfile Load (0.5ms)[0m  SELECT "profiles".* FROM "profiles"
  [1m[36mActiveRecord::SchemaMigration Load (0.6ms)[0m  [1mSELECT "schema_migrations".* FROM "schema_migrations"[0m
  [1m[35m (0.2ms)[0m  BEGIN
  [1m[36mSQL (0.5ms)[0m  [1mINSERT INTO "profiles" ("username", "email", "password", "created_at", "updated_at") VALUES ($1, $2, $3, $4, $5) RETURNING "id"[0m  [["username", "pouchy"], ["email", "pouch@gmail.com"], ["password", "123abc"], ["created_at", "2015-03-09 00:01:30.281081"], ["updated_at", "2015-03-09 00:01:30.281081"]]
  [1m[35m (0.5ms)[0m  COMMIT
  [1m[36m (0.1ms)[0m  [1mBEGIN[0m
  [1m[35mSQL (0.4ms)[0m  INSERT INTO "categories" ("category", "created_at", "updated_at") VALUES ($1, $2, $3) RETURNING "id"  [["category", "dining"], ["created_at", "2015-03-09 00:01:30.293598"], ["updated_at", "2015-03-09 00:01:30.293598"]]
  [1m[36m (0.5ms)[0m  [1mCOMMIT[0m
  [1m[35m (0.1ms)[0m  BEGIN
  [1m[36mSQL (0.4ms)[0m  [1mINSERT INTO "categories" ("category", "created_at", "updated_at") VALUES ($1, $2, $3) RETURNING "id"[0m  [["category", "activity"], ["created_at", "2015-03-09 00:01:30.296673"], ["updated_at", "2015-03-09 00:01:30.296673"]]
  [1m[35m (0.4ms)[0m  COMMIT
  [1m[36m (0.1ms)[0m  [1mBEGIN[0m
  [1m[35mSQL (0.3ms)[0m  INSERT INTO "categories" ("category", "created_at", "updated_at") VALUES ($1, $2, $3) RETURNING "id"  [["category", "entertainment"], ["created_at", "2015-03-09 00:01:30.299335"], ["updated_at", "2015-03-09 00:01:30.299335"]]
  [1m[36m (0.4ms)[0m  [1mCOMMIT[0m
  [1m[35m (0.2ms)[0m  BEGIN
  [1m[36mSQL (0.5ms)[0m  [1mINSERT INTO "shouts" ("title", "time", "location", "description", "profile_id", "category_id", "created_at", "updated_at") VALUES ($1, $2, $3, $4, $5, $6, $7, $8) RETURNING "id"[0m  [["title", "Yoga in the Park"], ["time", "2015-05-25 12:30:00.000000"], ["location", "St.Mary's Park"], ["description", "Come one, come all to enjoy some free yoga in the sun!"], ["profile_id", 1], ["category_id", 2], ["created_at", "2015-03-09 00:01:30.368693"], ["updated_at", "2015-03-09 00:01:30.368693"]]
  [1m[35m (0.4ms)[0m  COMMIT
  [1m[36mProfile Load (0.7ms)[0m  [1mSELECT "profiles".* FROM "profiles"[0m
  [1m[35mCategory Load (0.7ms)[0m  SELECT "categories".* FROM "categories"
  [1m[36mShout Load (0.9ms)[0m  [1mSELECT "shouts".* FROM "shouts"[0m
  [1m[36mActiveRecord::SchemaMigration Load (0.4ms)[0m  [1mSELECT "schema_migrations".* FROM "schema_migrations"[0m
  [1m[35mActiveRecord::SchemaMigration Load (0.4ms)[0m  SELECT "schema_migrations".* FROM "schema_migrations"
  [1m[36m (9.6ms)[0m  [1mSELECT t2.oid::regclass::text AS to_table, a1.attname AS column, a2.attname AS primary_key, c.conname AS name, c.confupdtype AS on_update, c.confdeltype AS on_delete
FROM pg_constraint c
JOIN pg_class t1 ON c.conrelid = t1.oid
JOIN pg_class t2 ON c.confrelid = t2.oid
JOIN pg_attribute a1 ON a1.attnum = c.conkey[1] AND a1.attrelid = t1.oid
JOIN pg_attribute a2 ON a2.attnum = c.confkey[1] AND a2.attrelid = t2.oid
JOIN pg_namespace t3 ON c.connamespace = t3.oid
WHERE c.contype = 'f'
  AND t1.relname = 'categories'
  AND t3.nspname = ANY (current_schemas(false))
ORDER BY c.conname
[0m
  [1m[35m (6.5ms)[0m  SELECT t2.oid::regclass::text AS to_table, a1.attname AS column, a2.attname AS primary_key, c.conname AS name, c.confupdtype AS on_update, c.confdeltype AS on_delete
FROM pg_constraint c
JOIN pg_class t1 ON c.conrelid = t1.oid
JOIN pg_class t2 ON c.confrelid = t2.oid
JOIN pg_attribute a1 ON a1.attnum = c.conkey[1] AND a1.attrelid = t1.oid
JOIN pg_attribute a2 ON a2.attnum = c.confkey[1] AND a2.attrelid = t2.oid
JOIN pg_namespace t3 ON c.connamespace = t3.oid
WHERE c.contype = 'f'
  AND t1.relname = 'profiles'
  AND t3.nspname = ANY (current_schemas(false))
ORDER BY c.conname

  [1m[36m (3.9ms)[0m  [1mSELECT t2.oid::regclass::text AS to_table, a1.attname AS column, a2.attname AS primary_key, c.conname AS name, c.confupdtype AS on_update, c.confdeltype AS on_delete
FROM pg_constraint c
JOIN pg_class t1 ON c.conrelid = t1.oid
JOIN pg_class t2 ON c.confrelid = t2.oid
JOIN pg_attribute a1 ON a1.attnum = c.conkey[1] AND a1.attrelid = t1.oid
JOIN pg_attribute a2 ON a2.attnum = c.confkey[1] AND a2.attrelid = t2.oid
JOIN pg_namespace t3 ON c.connamespace = t3.oid
WHERE c.contype = 'f'
  AND t1.relname = 'shouts'
  AND t3.nspname = ANY (current_schemas(false))
ORDER BY c.conname
[0m
  [1m[36mActiveRecord::SchemaMigration Load (0.4ms)[0m  [1mSELECT "schema_migrations".* FROM "schema_migrations"[0m
  [1m[35m (0.2ms)[0m  BEGIN
  [1m[36mSQL (0.9ms)[0m  [1mINSERT INTO "profiles" ("username", "email", "password", "created_at", "updated_at") VALUES ($1, $2, $3, $4, $5) RETURNING "id"[0m  [["username", "pouchy"], ["email", "pouch@gmail.com"], ["password", "123abc"], ["created_at", "2015-03-09 00:04:08.508135"], ["updated_at", "2015-03-09 00:04:08.508135"]]
  [1m[35m (8.6ms)[0m  COMMIT
  [1m[36m (0.2ms)[0m  [1mBEGIN[0m
  [1m[35mSQL (0.5ms)[0m  INSERT INTO "categories" ("category", "created_at", "updated_at") VALUES ($1, $2, $3) RETURNING "id"  [["category", "dining"], ["created_at", "2015-03-09 00:04:08.533216"], ["updated_at", "2015-03-09 00:04:08.533216"]]
  [1m[36m (0.4ms)[0m  [1mCOMMIT[0m
  [1m[35m (0.1ms)[0m  BEGIN
  [1m[36mSQL (0.3ms)[0m  [1mINSERT INTO "categories" ("category", "created_at", "updated_at") VALUES ($1, $2, $3) RETURNING "id"[0m  [["category", "activity"], ["created_at", "2015-03-09 00:04:08.536355"], ["updated_at", "2015-03-09 00:04:08.536355"]]
  [1m[35m (0.4ms)[0m  COMMIT
  [1m[36m (0.1ms)[0m  [1mBEGIN[0m
  [1m[35mSQL (0.2ms)[0m  INSERT INTO "categories" ("category", "created_at", "updated_at") VALUES ($1, $2, $3) RETURNING "id"  [["category", "entertainment"], ["created_at", "2015-03-09 00:04:08.538121"], ["updated_at", "2015-03-09 00:04:08.538121"]]
  [1m[36m (0.3ms)[0m  [1mCOMMIT[0m
  [1m[35m (0.2ms)[0m  BEGIN
  [1m[36mSQL (0.4ms)[0m  [1mINSERT INTO "shouts" ("title", "time", "location", "description", "profile_id", "category_id", "created_at", "updated_at") VALUES ($1, $2, $3, $4, $5, $6, $7, $8) RETURNING "id"[0m  [["title", "Yoga in the Park"], ["time", "2015-05-25 12:30:00.000000"], ["location", "St.Mary's Park"], ["description", "Come one, come all to enjoy some free yoga in the sun!"], ["profile_id", 1], ["category_id", 2], ["created_at", "2015-03-09 00:04:08.608726"], ["updated_at", "2015-03-09 00:04:08.608726"]]
  [1m[35m (0.5ms)[0m  COMMIT
  [1m[36mProfile Load (0.7ms)[0m  [1mSELECT "profiles".* FROM "profiles"[0m
  [1m[35mCategory Load (0.6ms)[0m  SELECT "categories".* FROM "categories"
  [1m[36mProfile Load (0.3ms)[0m  [1mSELECT  "profiles".* FROM "profiles" WHERE "profiles"."id" = $1 LIMIT 1[0m  [["id", 4]]
  [1m[35mShout Load (0.8ms)[0m  SELECT "shouts".* FROM "shouts"
  [1m[36mShout Load (0.4ms)[0m  [1mSELECT  "shouts".* FROM "shouts" WHERE "shouts"."id" = $1 LIMIT 1[0m  [["id", 4]]
  [1m[35mShout Load (0.5ms)[0m  SELECT "shouts".* FROM "shouts"
  [1m[36mShout Load (0.4ms)[0m  [1mSELECT "shouts".* FROM "shouts"[0m
  [1m[35mShout Load (0.4ms)[0m  SELECT "shouts".* FROM "shouts"
  [1m[36mActiveRecord::SchemaMigration Load (0.5ms)[0m  [1mSELECT "schema_migrations".* FROM "schema_migrations"[0m
  [1m[35m (0.2ms)[0m  BEGIN
  [1m[36mSQL (0.5ms)[0m  [1mINSERT INTO "profiles" ("username", "email", "password", "created_at", "updated_at") VALUES ($1, $2, $3, $4, $5) RETURNING "id"[0m  [["username", "pouchy"], ["email", "pouch@gmail.com"], ["password", "123abc"], ["created_at", "2015-03-09 01:03:23.585515"], ["updated_at", "2015-03-09 01:03:23.585515"]]
  [1m[35m (8.5ms)[0m  COMMIT
  [1m[36m (0.1ms)[0m  [1mBEGIN[0m
  [1m[35mSQL (0.4ms)[0m  INSERT INTO "categories" ("category", "created_at", "updated_at") VALUES ($1, $2, $3) RETURNING "id"  [["category", "dining"], ["created_at", "2015-03-09 01:03:23.608012"], ["updated_at", "2015-03-09 01:03:23.608012"]]
  [1m[36m (0.5ms)[0m  [1mCOMMIT[0m
  [1m[35m (0.2ms)[0m  BEGIN
  [1m[36mSQL (0.3ms)[0m  [1mINSERT INTO "categories" ("category", "created_at", "updated_at") VALUES ($1, $2, $3) RETURNING "id"[0m  [["category", "activity"], ["created_at", "2015-03-09 01:03:23.610967"], ["updated_at", "2015-03-09 01:03:23.610967"]]
  [1m[35m (0.4ms)[0m  COMMIT
  [1m[36m (0.1ms)[0m  [1mBEGIN[0m
  [1m[35mSQL (0.4ms)[0m  INSERT INTO "categories" ("category", "created_at", "updated_at") VALUES ($1, $2, $3) RETURNING "id"  [["category", "entertainment"], ["created_at", "2015-03-09 01:03:23.612981"], ["updated_at", "2015-03-09 01:03:23.612981"]]
  [1m[36m (0.5ms)[0m  [1mCOMMIT[0m
  [1m[35m (0.2ms)[0m  BEGIN
  [1m[36mSQL (0.5ms)[0m  [1mINSERT INTO "shouts" ("title", "time", "location", "description", "profile_id", "category_id", "created_at", "updated_at") VALUES ($1, $2, $3, $4, $5, $6, $7, $8) RETURNING "id"[0m  [["title", "Yoga in the Park"], ["time", "2015-05-25 12:30:00.000000"], ["location", "St.Mary's Park"], ["description", "Come one, come all to enjoy some free yoga in the sun!"], ["profile_id", 5], ["category_id", 2], ["created_at", "2015-03-09 01:03:23.679656"], ["updated_at", "2015-03-09 01:03:23.679656"]]
  [1m[35m (0.4ms)[0m  COMMIT
  [1m[36mProfile Load (0.7ms)[0m  [1mSELECT "profiles".* FROM "profiles"[0m
  [1m[35mShout Load (0.9ms)[0m  SELECT "shouts".* FROM "shouts"
  [1m[36mShout Load (0.4ms)[0m  [1mSELECT  "shouts".* FROM "shouts" WHERE "shouts"."id" = $1 LIMIT 1[0m  [["id", 5]]
  [1m[35mProfile Load (0.4ms)[0m  SELECT  "profiles".* FROM "profiles" WHERE "profiles"."id" = $1 LIMIT 1  [["id", 5]]
  [1m[36mShout Load (0.7ms)[0m  [1mSELECT "shouts".* FROM "shouts"[0m
  [1m[35mProfile Load (0.7ms)[0m  SELECT "profiles".* FROM "profiles"
  [1m[36mProfile Load (0.3ms)[0m  [1mSELECT  "profiles".* FROM "profiles" WHERE "profiles"."id" = $1 LIMIT 1[0m  [["id", 5]]
  [1m[35mShout Load (0.5ms)[0m  SELECT  "shouts".* FROM "shouts" WHERE "shouts"."id" = $1 LIMIT 1  [["id", 5]]
  [1m[36m (0.2ms)[0m  [1mBEGIN[0m
  [1m[35m (0.4ms)[0m  COMMIT
  [1m[36mShout Load (0.4ms)[0m  [1mSELECT "shouts".* FROM "shouts" WHERE "shouts"."profile_id" = $1[0m  [["profile_id", 5]]
  [1m[35mCategory Load (0.9ms)[0m  SELECT "categories".* FROM "categories"
  [1m[36mCategory Load (0.5ms)[0m  [1mSELECT "categories".* FROM "categories"[0m
  [1m[35mShout Load (0.4ms)[0m  SELECT "shouts".* FROM "shouts"
  [1m[36mProfile Load (0.5ms)[0m  [1mSELECT "profiles".* FROM "profiles"[0m
  [1m[35mShout Load (0.5ms)[0m  SELECT "shouts".* FROM "shouts"
  [1m[36mShout Load (1.2ms)[0m  [1mSELECT "shouts".* FROM "shouts"[0m
  [1m[35m (0.2ms)[0m  BEGIN
  [1m[36mSQL (0.6ms)[0m  [1mINSERT INTO "shouts" ("title", "time", "location", "description", "created_at", "updated_at") VALUES ($1, $2, $3, $4, $5, $6) RETURNING "id"[0m  [["title", "Flippin' yoga"], ["time", "2015-04-25 09:45:00.000000"], ["location", "Aquatic Park"], ["description", "Get your flip on with some acroyoga!"], ["created_at", "2015-03-09 01:29:26.243143"], ["updated_at", "2015-03-09 01:29:26.243143"]]
  [1m[35m (7.7ms)[0m  COMMIT
  [1m[36mProfile Load (0.6ms)[0m  [1mSELECT "profiles".* FROM "profiles"[0m
  [1m[35m (0.1ms)[0m  BEGIN
  [1m[36mProfile Exists (1.4ms)[0m  [1mSELECT  1 AS one FROM "profiles" WHERE "profiles"."username" = 'Squirrel' LIMIT 1[0m
  [1m[35mProfile Exists (0.3ms)[0m  SELECT  1 AS one FROM "profiles" WHERE "profiles"."email" = 'squirrel@gmail.com' LIMIT 1
  [1m[36mSQL (0.4ms)[0m  [1mINSERT INTO "profiles" ("username", "email", "password", "created_at", "updated_at") VALUES ($1, $2, $3, $4, $5) RETURNING "id"[0m  [["username", "Squirrel"], ["email", "squirrel@gmail.com"], ["password", "123abc"], ["created_at", "2015-03-09 01:30:38.871867"], ["updated_at", "2015-03-09 01:30:38.871867"]]
  [1m[35m (0.4ms)[0m  COMMIT
  [1m[36m (0.2ms)[0m  [1mBEGIN[0m
  [1m[35mSQL (9.4ms)[0m  UPDATE "shouts" SET "profile_id" = $1, "updated_at" = $2 WHERE "shouts"."id" = $3  [["profile_id", 6], ["updated_at", "2015-03-09 01:30:56.847915"], ["id", 6]]
  [1m[36m (0.5ms)[0m  [1mCOMMIT[0m
  [1m[35mShout Load (0.4ms)[0m  SELECT "shouts".* FROM "shouts" WHERE "shouts"."profile_id" = $1  [["profile_id", 6]]
  [1m[36mCategory Load (0.9ms)[0m  [1mSELECT "categories".* FROM "categories"[0m
  [1m[35mCategory Load (0.3ms)[0m  SELECT  "categories".* FROM "categories" WHERE "categories"."id" = $1 LIMIT 1  [["id", 14]]
  [1m[36m (0.2ms)[0m  [1mBEGIN[0m
  [1m[35mSQL (0.5ms)[0m  DELETE FROM "shouts" WHERE "shouts"."id" = $1  [["id", 6]]
  [1m[36mSQL (0.4ms)[0m  [1mDELETE FROM "profiles" WHERE "profiles"."id" = $1[0m  [["id", 6]]
  [1m[35m (8.4ms)[0m  COMMIT
  [1m[36mShout Load (0.8ms)[0m  [1mSELECT "shouts".* FROM "shouts"[0m
  [1m[36mCategory Load (0.6ms)[0m  [1mSELECT "categories".* FROM "categories"[0m
  [1m[35mProfile Load (1.0ms)[0m  SELECT "profiles".* FROM "profiles"
  [1m[36mShout Load (0.7ms)[0m  [1mSELECT "shouts".* FROM "shouts"[0m
  [1m[35m (0.2ms)[0m  BEGIN
  [1m[36mProfile Exists (1.3ms)[0m  [1mSELECT  1 AS one FROM "profiles" WHERE "profiles"."username" = 'Hellsbells' LIMIT 1[0m
  [1m[35mProfile Exists (0.3ms)[0m  SELECT  1 AS one FROM "profiles" WHERE "profiles"."email" = 'hellsbells@gmail.com' LIMIT 1
  [1m[36mSQL (0.4ms)[0m  [1mINSERT INTO "profiles" ("username", "email", "password", "created_at", "updated_at") VALUES ($1, $2, $3, $4, $5) RETURNING "id"[0m  [["username", "Hellsbells"], ["email", "hellsbells@gmail.com"], ["password", "abc123"], ["created_at", "2015-03-09 02:01:45.676131"], ["updated_at", "2015-03-09 02:01:45.676131"]]
  [1m[35m (0.6ms)[0m  COMMIT
  [1m[36m (0.2ms)[0m  [1mBEGIN[0m
  [1m[35mSQL (0.6ms)[0m  INSERT INTO "shouts" ("title", "time", "location", "description", "created_at", "updated_at") VALUES ($1, $2, $3, $4, $5, $6) RETURNING "id"  [["title", "Chinese food"], ["time", "2015-03-04 06:55:00.000000"], ["location", "North Beach"], ["description", "Enjoy some awesome organic vegan chinese food with great people!"], ["created_at", "2015-03-09 02:03:21.776375"], ["updated_at", "2015-03-09 02:03:21.776375"]]
  [1m[36m (8.6ms)[0m  [1mCOMMIT[0m
  [1m[35m (0.2ms)[0m  BEGIN
  [1m[36mSQL (0.4ms)[0m  [1mUPDATE "shouts" SET "profile_id" = $1, "updated_at" = $2 WHERE "shouts"."id" = $3[0m  [["profile_id", 7], ["updated_at", "2015-03-09 02:03:45.888743"], ["id", 7]]
  [1m[35m (7.6ms)[0m  COMMIT
  [1m[36mShout Load (0.7ms)[0m  [1mSELECT "shouts".* FROM "shouts" WHERE "shouts"."profile_id" = $1[0m  [["profile_id", 7]]
  [1m[35mShout Load (0.6ms)[0m  SELECT "shouts".* FROM "shouts"
  [1m[36mCategory Load (0.4ms)[0m  [1mSELECT "categories".* FROM "categories"[0m
  [1m[35mCategory Load (0.4ms)[0m  SELECT  "categories".* FROM "categories" WHERE "categories"."id" = $1 LIMIT 1  [["id", 13]]
  [1m[36m (0.2ms)[0m  [1mBEGIN[0m
  [1m[35m (0.2ms)[0m  ROLLBACK
  [1m[36mProfile Load (0.7ms)[0m  [1mSELECT "profiles".* FROM "profiles"[0m
  [1m[35mCategory Load (0.8ms)[0m  SELECT "categories".* FROM "categories"
  [1m[36mShout Load (0.7ms)[0m  [1mSELECT "shouts".* FROM "shouts"[0m
  [1m[35mProfile Load (0.5ms)[0m  SELECT  "profiles".* FROM "profiles" WHERE "profiles"."id" = $1 LIMIT 1  [["id", 7]]
  [1m[36mShout Load (0.3ms)[0m  [1mSELECT  "shouts".* FROM "shouts" WHERE "shouts"."id" = $1 LIMIT 1[0m  [["id", 7]]
  [1m[35m (0.2ms)[0m  BEGIN
  [1m[36m (0.3ms)[0m  [1mCOMMIT[0m
  [1m[35mShout Load (0.3ms)[0m  SELECT "shouts".* FROM "shouts" WHERE "shouts"."profile_id" = $1  [["profile_id", 7]]
  [1m[36mCategory Load (0.5ms)[0m  [1mSELECT "categories".* FROM "categories"[0m
  [1m[35mCategory Load (0.4ms)[0m  SELECT  "categories".* FROM "categories" WHERE "categories"."id" = $1 LIMIT 1  [["id", 13]]
  [1m[36mShout Load (0.3ms)[0m  [1mSELECT "shouts".* FROM "shouts" WHERE "shouts"."category_id" = $1[0m  [["category_id", 13]]
  [1m[35m (0.2ms)[0m  BEGIN
  [1m[36mSQL (0.5ms)[0m  [1mUPDATE "shouts" SET "category_id" = $1, "updated_at" = $2 WHERE "shouts"."id" = $3[0m  [["category_id", 13], ["updated_at", "2015-03-09 02:37:07.423433"], ["id", 7]]
  [1m[35m (8.6ms)[0m  COMMIT
  [1m[36mShout Load (0.5ms)[0m  [1mSELECT "shouts".* FROM "shouts"[0m
  [1m[35mShout Load (0.6ms)[0m  SELECT  "shouts".* FROM "shouts" WHERE "shouts"."id" = $1 LIMIT 1  [["id", 5]]
  [1m[36m (0.2ms)[0m  [1mBEGIN[0m
  [1m[35mSQL (0.4ms)[0m  UPDATE "shouts" SET "profile_id" = $1, "updated_at" = $2 WHERE "shouts"."id" = $3  [["profile_id", 7], ["updated_at", "2015-03-09 02:39:28.512648"], ["id", 5]]
  [1m[36m (7.9ms)[0m  [1mCOMMIT[0m
  [1m[35m (0.1ms)[0m  BEGIN
  [1m[36mSQL (0.6ms)[0m  [1mINSERT INTO "shouts" ("title", "time", "location", "description", "created_at", "updated_at") VALUES ($1, $2, $3, $4, $5, $6) RETURNING "id"[0m  [["title", "Iceskating"], ["time", "2015-06-19 17:45:00.000000"], ["location", "the Pond"], ["description", "Bring your skates and a friend!"], ["created_at", "2015-03-09 02:41:30.962245"], ["updated_at", "2015-03-09 02:41:30.962245"]]
  [1m[35m (8.5ms)[0m  COMMIT
  [1m[36m (0.2ms)[0m  [1mBEGIN[0m
  [1m[35mSQL (0.4ms)[0m  UPDATE "shouts" SET "profile_id" = $1, "updated_at" = $2 WHERE "shouts"."id" = $3  [["profile_id", 7], ["updated_at", "2015-03-09 02:41:48.814648"], ["id", 8]]
  [1m[36m (7.8ms)[0m  [1mCOMMIT[0m
  [1m[35mCategory Load (0.4ms)[0m  SELECT "categories".* FROM "categories"
  [1m[36mCategory Load (0.4ms)[0m  [1mSELECT  "categories".* FROM "categories" WHERE "categories"."id" = $1 LIMIT 1[0m  [["id", 14]]
  [1m[35m (0.2ms)[0m  BEGIN
  [1m[36mProfile Exists (1.1ms)[0m  [1mSELECT  1 AS one FROM "profiles" WHERE "profiles"."username" = 'wally bear' LIMIT 1[0m
  [1m[35mProfile Exists (0.3ms)[0m  SELECT  1 AS one FROM "profiles" WHERE "profiles"."email" = 'wally@gmail.com' LIMIT 1
  [1m[36mSQL (0.7ms)[0m  [1mINSERT INTO "profiles" ("username", "email", "password", "created_at", "updated_at") VALUES ($1, $2, $3, $4, $5) RETURNING "id"[0m  [["username", "wally bear"], ["email", "wally@gmail.com"], ["password", "123abc"], ["created_at", "2015-03-09 02:44:03.665106"], ["updated_at", "2015-03-09 02:44:03.665106"]]
  [1m[35m (0.5ms)[0m  COMMIT
  [1m[36m (0.2ms)[0m  [1mBEGIN[0m
  [1m[35mSQL (0.5ms)[0m  UPDATE "shouts" SET "category_id" = $1, "profile_id" = $2, "updated_at" = $3 WHERE "shouts"."id" = $4  [["category_id", 14], ["profile_id", 8], ["updated_at", "2015-03-09 02:44:19.135927"], ["id", 8]]
  [1m[36m (8.7ms)[0m  [1mCOMMIT[0m
  [1m[35mShout Load (0.5ms)[0m  SELECT "shouts".* FROM "shouts" WHERE "shouts"."profile_id" = $1  [["profile_id", 8]]
  [1m[36m (0.2ms)[0m  [1mBEGIN[0m
  [1m[35mSQL (0.4ms)[0m  DELETE FROM "shouts" WHERE "shouts"."id" = $1  [["id", 7]]
  [1m[36mSQL (0.4ms)[0m  [1mDELETE FROM "shouts" WHERE "shouts"."id" = $1[0m  [["id", 5]]
  [1m[35mSQL (0.4ms)[0m  DELETE FROM "shouts" WHERE "shouts"."id" = $1  [["id", 8]]
  [1m[36mSQL (0.3ms)[0m  [1mDELETE FROM "profiles" WHERE "profiles"."id" = $1[0m  [["id", 7]]
  [1m[35m (0.4ms)[0m  COMMIT
  [1m[36mShout Load (0.5ms)[0m  [1mSELECT "shouts".* FROM "shouts"[0m
  [1m[36mCategory Load (0.6ms)[0m  [1mSELECT "categories".* FROM "categories"[0m
  [1m[35mCategory Load (0.4ms)[0m  SELECT  "categories".* FROM "categories" WHERE "categories"."id" = $1 LIMIT 1  [["id", 13]]
  [1m[36mProfile Load (0.9ms)[0m  [1mSELECT "profiles".* FROM "profiles"[0m
  [1m[35mProfile Load (0.4ms)[0m  SELECT  "profiles".* FROM "profiles" WHERE "profiles"."id" = $1 LIMIT 1  [["id", 8]]
  [1m[36mShout Load (0.9ms)[0m  [1mSELECT "shouts".* FROM "shouts"[0m
  [1m[35m (0.2ms)[0m  BEGIN
  [1m[36m (0.2ms)[0m  [1mROLLBACK[0m
  [1m[35m (0.2ms)[0m  BEGIN
  [1m[36m (0.3ms)[0m  [1mCOMMIT[0m
  [1m[35mShout Load (0.3ms)[0m  SELECT "shouts".* FROM "shouts" WHERE "shouts"."profile_id" = $1  [["profile_id", 8]]
>>>>>>> staging
